
=== Sun Jun  9 21:49:30 2019

Packages were changed.
Update Mode: mergeDefaultDependencies

The following packages were updated:
  com.unity.analytics from version 3.2.2 to 3.3.2
  com.unity.collab-proxy from version 1.2.9 to 1.2.16
  com.unity.package-manager-ui from version 2.1.1 to 2.1.2
  com.unity.purchasing from version 2.0.1 to 2.0.6
  com.unity.textmeshpro from version 1.3.0 to 2.0.1
  com.unity.timeline from version 0.0.0-builtin to 1.0.0

=== Thu Sep 19 19:26:09 2019

Packages were changed.
Update Mode: updateDependencies

The following packages were added:
  com.unity.2d.tilemap@1.0.0
  com.unity.ext.nunit@1.0.0
  com.unity.test-framework@1.0.13
  com.unity.2d.sprite@1.0.0
  com.unity.ide.vscode@1.0.7
  com.unity.ide.rider@1.1.0
  com.unity.ugui@1.0.0
  com.unity.modules.androidjni@1.0.0
The following packages were updated:
  com.unity.package-manager-ui from version 2.1.2 to 2.2.0
  com.unity.timeline from version 1.0.0 to 1.1.0

=== Sun Jan  3 17:57:04 2021

Packages were changed.
Update Mode: updateDependencies

The following packages were added:
  com.unity.ide.visualstudio@2.0.3
The following packages were updated:
  com.unity.ads from version 2.0.8 to 3.5.0
  com.unity.analytics from version 3.3.2 to 3.5.3
  com.unity.collab-proxy from version 1.2.16 to 1.3.9
  com.unity.ide.rider from version 1.1.0 to 1.2.1
  com.unity.ide.vscode from version 1.1.2 to 1.2.2
  com.unity.purchasing from version 2.0.6 to 2.1.1
  com.unity.test-framework from version 1.0.13 to 1.1.18
  com.unity.textmeshpro from version 2.0.1 to 3.0.1
  com.unity.timeline from version 1.1.0 to 1.2.6
  com.unity.xr.arcore from version 3.0.0-preview.3 to 3.1.8
  com.unity.xr.arfoundation from version 3.0.0-preview.3 to 3.1.6
  com.unity.xr.arkit from version 3.0.0-preview.3 to 3.1.8
  com.unity.xr.arkit-face-tracking from version 3.0.0-preview.3 to 3.1.7
  com.unity.xr.legacyinputhelpers from version 2.0.6 to 2.1.4
The following packages were removed:
  com.unity.package-manager-ui@2.2.0
